   1               		.file	"at90can_set_mode.c"
   2               	__SP_H__ = 0x3e
   3               	__SP_L__ = 0x3d
   4               	__SREG__ = 0x3f
   5               	__RAMPZ__ = 0x3b
   6               	__tmp_reg__ = 0
   7               	__zero_reg__ = 1
   8               		.text
   9               	.Ltext0:
  10               		.cfi_sections	.debug_frame
  11               	.global	can_set_mode
  13               	can_set_mode:
  14               	.LFB18:
  15               		.file 1 "at90can_set_mode.c"
   1:at90can_set_mode.c **** // ----------------------------------------------------------------------------
   2:at90can_set_mode.c **** /*
   3:at90can_set_mode.c ****  * Copyright (c) 2007 Fabian Greif, Roboterclub Aachen e.V.
   4:at90can_set_mode.c ****  *  All rights reserved.
   5:at90can_set_mode.c ****  *
   6:at90can_set_mode.c ****  * Redistribution and use in source and binary forms, with or without
   7:at90can_set_mode.c ****  * modification, are permitted provided that the following conditions
   8:at90can_set_mode.c ****  * are met:
   9:at90can_set_mode.c ****  * 1. Redistributions of source code must retain the above copyright
  10:at90can_set_mode.c ****  *    notice, this list of conditions and the following disclaimer.
  11:at90can_set_mode.c ****  * 2. Redistributions in binary form must reproduce the above copyright
  12:at90can_set_mode.c ****  *    notice, this list of conditions and the following disclaimer in the
  13:at90can_set_mode.c ****  *    documentation and/or other materials provided with the distribution.
  14:at90can_set_mode.c ****  *
  15:at90can_set_mode.c ****  * THIS SOFTWARE IS PROVIDED BY THE AUTHOR AND CONTRIBUTORS ``AS IS'' AND
  16:at90can_set_mode.c ****  * ANY EXPRESS OR IMPLIED WARRANTIES, INCLUDING, BUT NOT LIMITED TO, THE
  17:at90can_set_mode.c ****  * IMPLIED WARRANTIES OF MERCHANTABILITY AND FITNESS FOR A PARTICULAR PURPOSE
  18:at90can_set_mode.c ****  * ARE DISCLAIMED.  IN NO EVENT SHALL THE REGENTS OR CONTRIBUTORS BE LIABLE
  19:at90can_set_mode.c ****  * FOR ANY DIRECT, INDIRECT, INCIDENTAL, SPECIAL, EXEMPLARY, OR CONSEQUENTIAL
  20:at90can_set_mode.c ****  * DAMAGES (INCLUDING, BUT NOT LIMITED TO, PROCUREMENT OF SUBSTITUTE GOODS
  21:at90can_set_mode.c ****  * OR SERVICES; LOSS OF USE, DATA, OR PROFITS; OR BUSINESS INTERRUPTION)
  22:at90can_set_mode.c ****  * HOWEVER CAUSED AND ON ANY THEORY OF LIABILITY, WHETHER IN CONTRACT, STRICT
  23:at90can_set_mode.c ****  * LIABILITY, OR TORT (INCLUDING NEGLIGENCE OR OTHERWISE) ARISING IN ANY WAY
  24:at90can_set_mode.c ****  * OUT OF THE USE OF THIS SOFTWARE, EVEN IF ADVISED OF THE POSSIBILITY OF
  25:at90can_set_mode.c ****  * SUCH DAMAGE.
  26:at90can_set_mode.c ****  *
  27:at90can_set_mode.c ****  * $Id: at90can_set_mode.c 6837 2008-11-16 19:05:15Z fabian $
  28:at90can_set_mode.c ****  */
  29:at90can_set_mode.c **** // ----------------------------------------------------------------------------
  30:at90can_set_mode.c **** 
  31:at90can_set_mode.c **** #include "at90can_private.h"
  32:at90can_set_mode.c **** #ifdef	SUPPORT_FOR_AT90CAN__
  33:at90can_set_mode.c **** 
  34:at90can_set_mode.c **** // ----------------------------------------------------------------------------
  35:at90can_set_mode.c **** void at90can_set_mode(can_mode_t mode)
  36:at90can_set_mode.c **** {
  16               		.loc 1 36 0
  17               		.cfi_startproc
  18               	.LVL0:
  19               	/* prologue: function */
  20               	/* frame size = 0 */
  21               	/* stack size = 0 */
  22               	.L__stack_usage = 0
  37:at90can_set_mode.c **** 	if (mode == LISTEN_ONLY_MODE || mode == LOOPBACK_MODE) {
  23               		.loc 1 37 0
  24 0000 8230      		cpi r24,lo8(2)
  25 0002 00F4      		brsh .L2
  38:at90can_set_mode.c **** 		CANGCON |= (1<<LISTEN);
  26               		.loc 1 38 0
  27 0004 8091 D800 		lds r24,216
  28               	.LVL1:
  29 0008 8860      		ori r24,lo8(8)
  30 000a 00C0      		rjmp .L4
  31               	.LVL2:
  32               	.L2:
  39:at90can_set_mode.c **** 	}
  40:at90can_set_mode.c **** 	else {
  41:at90can_set_mode.c **** 		CANGCON &= ~(1<<LISTEN);
  33               		.loc 1 41 0
  34 000c 8091 D800 		lds r24,216
  35               	.LVL3:
  36 0010 877F      		andi r24,lo8(-9)
  37               	.L4:
  38 0012 8093 D800 		sts 216,r24
  39 0016 0895      		ret
  40               		.cfi_endproc
  41               	.LFE18:
  43               	.Letext0:
  44               		.file 2 "/usr/lib/avr/include/stdint.h"
  45               		.file 3 "../can.h"
DEFINED SYMBOLS
                            *ABS*:00000000 at90can_set_mode.c
     /tmp/cceFIGQc.s:2      *ABS*:0000003e __SP_H__
     /tmp/cceFIGQc.s:3      *ABS*:0000003d __SP_L__
     /tmp/cceFIGQc.s:4      *ABS*:0000003f __SREG__
     /tmp/cceFIGQc.s:5      *ABS*:0000003b __RAMPZ__
     /tmp/cceFIGQc.s:6      *ABS*:00000000 __tmp_reg__
     /tmp/cceFIGQc.s:7      *ABS*:00000001 __zero_reg__
     /tmp/cceFIGQc.s:13     .text:00000000 can_set_mode

NO UNDEFINED SYMBOLS
